2026-04-17T16:23:54Z token=6f277df14feb status=running message=start
2026-04-17T16:29:38Z token=6f277df14feb status=running message=start
2026-04-17T16:31:16Z token=6f277df14feb status=success message=completed
2026-04-17T16:33:41Z token=448f4ebe53ea status=running message=start
2026-04-17T16:33:43Z token=448f4ebe53ea status=failed message=exit_code=1
2026-04-17T16:35:36Z token=448f4ebe53ea status=running message=start
2026-04-17T16:37:18Z token=448f4ebe53ea status=success message=completed
2026-04-17T16:38:15Z token=448f4ebe53ea status=running message=start
2026-04-17T16:40:04Z token=448f4ebe53ea status=success message=completed
2026-04-17T16:42:29Z token=448f4ebe53ea status=running message=start
2026-04-17T16:44:04Z token=448f4ebe53ea status=success message=completed
2026-04-17T16:45:16Z token=448f4ebe53ea status=running message=start
2026-04-17T16:46:14Z token=448f4ebe53ea status=failed message=missing_files=app.html app.css app.js
2026-04-17T16:46:14Z token=448f4ebe53ea status=failed message=exit_code=1
2026-04-17T16:47:04Z token=448f4ebe53ea status=running message=start
2026-04-17T16:48:42Z token=448f4ebe53ea status=failed message=missing_files=app.js
2026-04-17T16:48:42Z token=448f4ebe53ea status=failed message=exit_code=1
2026-04-17T16:49:45Z token=448f4ebe53ea status=running message=start
2026-04-17T16:51:14Z token=448f4ebe53ea status=failed message=missing_files=app.js
2026-04-17T16:51:14Z token=448f4ebe53ea status=failed message=exit_code=1
2026-04-17T16:52:09Z token=448f4ebe53ea status=running message=start
2026-04-17T16:55:17Z token=448f4ebe53ea status=success message=completed
2026-04-17T16:58:48Z token=448f4ebe53ea status=running message=start
2026-04-17T16:59:29Z token=448f4ebe53ea status=success message=completed
2026-04-17T17:02:19Z token=448f4ebe53ea status=running message=start
2026-04-17T17:04:35Z token=448f4ebe53ea status=failed message=exit_code=2
2026-04-17T17:05:22Z token=448f4ebe53ea status=running message=start
2026-04-17T17:06:04Z token=448f4ebe53ea status=success message=completed
2026-04-17T17:38:37Z token=344f09c1945b status=running message=start
2026-04-17T17:39:58Z token=344f09c1945b status=success message=completed
2026-04-17T18:43:08Z token=f06f920e27a3 status=running message=start
2026-04-17T18:43:39Z token=f06f920e27a3 status=success message=completed
